<?xml version="1.0" encoding="UTF-8"?>
<testsuite xmlns:xsi="http://www.w3.org/2001/XMLSchema-instance" xsi:noNamespaceSchemaLocation="https://maven.apache.org/surefire/maven-surefire-plugin/xsd/surefire-test-report-3.0.xsd" version="3.0" name="com.dct.youtube_clone.YoutubeCloneApplicationTests" time="5.059" tests="1" errors="0" skipped="0" failures="0">
  <properties>
    <property name="java.specification.version" value="17"/>
    <property name="sun.cpu.isalist" value="amd64"/>
    <property name="sun.jnu.encoding" value="Cp1252"/>
    <property name="java.class.path" value="C:\Users\durga\Documents\Spring Boot Projects\youtube-clone\backend\target\test-classes;C:\Users\durga\Documents\Spring Boot Projects\youtube-clone\backend\target\classes;C:\Users\durga\.m2\repository\org\springframework\boot\spring-boot-starter-data-mongodb\3.3.0\spring-boot-starter-data-mongodb-3.3.0.jar;C:\Users\durga\.m2\repository\org\springframework\boot\spring-boot-starter\3.3.0\spring-boot-starter-3.3.0.jar;C:\Users\durga\.m2\repository\org\springframework\boot\spring-boot\3.3.0\spring-boot-3.3.0.jar;C:\Users\durga\.m2\repository\org\springframework\boot\spring-boot-starter-logging\3.3.0\spring-boot-starter-logging-3.3.0.jar;C:\Users\durga\.m2\repository\ch\qos\logback\logback-classic\1.5.6\logback-classic-1.5.6.jar;C:\Users\durga\.m2\repository\ch\qos\logback\logback-core\1.5.6\logback-core-1.5.6.jar;C:\Users\durga\.m2\repository\org\apache\logging\log4j\log4j-to-slf4j\2.23.1\log4j-to-slf4j-2.23.1.jar;C:\Users\durga\.m2\repository\org\apache\logging\log4j\log4j-api\2.23.1\log4j-api-2.23.1.jar;C:\Users\durga\.m2\repository\org\slf4j\jul-to-slf4j\2.0.13\jul-to-slf4j-2.0.13.jar;C:\Users\durga\.m2\repository\jakarta\annotation\jakarta.annotation-api\2.1.1\jakarta.annotation-api-2.1.1.jar;C:\Users\durga\.m2\repository\org\yaml\snakeyaml\2.2\snakeyaml-2.2.jar;C:\Users\durga\.m2\repository\org\mongodb\mongodb-driver-sync\5.0.1\mongodb-driver-sync-5.0.1.jar;C:\Users\durga\.m2\repository\org\mongodb\bson\5.0.1\bson-5.0.1.jar;C:\Users\durga\.m2\repository\org\mongodb\mongodb-driver-core\5.0.1\mongodb-driver-core-5.0.1.jar;C:\Users\durga\.m2\repository\org\mongodb\bson-record-codec\5.0.1\bson-record-codec-5.0.1.jar;C:\Users\durga\.m2\repository\org\springframework\data\spring-data-mongodb\4.3.0\spring-data-mongodb-4.3.0.jar;C:\Users\durga\.m2\repository\org\springframework\spring-tx\6.1.8\spring-tx-6.1.8.jar;C:\Users\durga\.m2\repository\org\springframework\spring-beans\6.1.8\spring-beans-6.1.8.jar;C:\Users\durga\.m2\repository\org\springframework\spring-expression\6.1.8\spring-expression-6.1.8.jar;C:\Users\durga\.m2\repository\org\springframework\data\spring-data-commons\3.3.0\spring-data-commons-3.3.0.jar;C:\Users\durga\.m2\repository\org\springframework\boot\spring-boot-starter-web\3.3.0\spring-boot-starter-web-3.3.0.jar;C:\Users\durga\.m2\repository\org\springframework\boot\spring-boot-starter-json\3.3.0\spring-boot-starter-json-3.3.0.jar;C:\Users\durga\.m2\repository\com\fasterxml\jackson\core\jackson-databind\2.17.1\jackson-databind-2.17.1.jar;C:\Users\durga\.m2\repository\com\fasterxml\jackson\core\jackson-annotations\2.17.1\jackson-annotations-2.17.1.jar;C:\Users\durga\.m2\repository\com\fasterxml\jackson\core\jackson-core\2.17.1\jackson-core-2.17.1.jar;C:\Users\durga\.m2\repository\com\fasterxml\jackson\datatype\jackson-datatype-jdk8\2.17.1\jackson-datatype-jdk8-2.17.1.jar;C:\Users\durga\.m2\repository\com\fasterxml\jackson\datatype\jackson-datatype-jsr310\2.17.1\jackson-datatype-jsr310-2.17.1.jar;C:\Users\durga\.m2\repository\com\fasterxml\jackson\module\jackson-module-parameter-names\2.17.1\jackson-module-parameter-names-2.17.1.jar;C:\Users\durga\.m2\repository\org\springframework\boot\spring-boot-starter-tomcat\3.3.0\spring-boot-starter-tomcat-3.3.0.jar;C:\Users\durga\.m2\repository\org\apache\tomcat\embed\tomcat-embed-core\10.1.24\tomcat-embed-core-10.1.24.jar;C:\Users\durga\.m2\repository\org\apache\tomcat\embed\tomcat-embed-el\10.1.24\tomcat-embed-el-10.1.24.jar;C:\Users\durga\.m2\repository\org\apache\tomcat\embed\tomcat-embed-websocket\10.1.24\tomcat-embed-websocket-10.1.24.jar;C:\Users\durga\.m2\repository\org\springframework\spring-web\6.1.8\spring-web-6.1.8.jar;C:\Users\durga\.m2\repository\io\micrometer\micrometer-observation\1.13.0\micrometer-observation-1.13.0.jar;C:\Users\durga\.m2\repository\io\micrometer\micrometer-commons\1.13.0\micrometer-commons-1.13.0.jar;C:\Users\durga\.m2\repository\org\springframework\spring-webmvc\6.1.8\spring-webmvc-6.1.8.jar;C:\Users\durga\.m2\repository\org\springframework\spring-aop\6.1.8\spring-aop-6.1.8.jar;C:\Users\durga\.m2\repository\org\projectlombok\lombok\1.18.32\lombok-1.18.32.jar;C:\Users\durga\.m2\repository\org\springframework\boot\spring-boot-starter-test\3.3.0\spring-boot-starter-test-3.3.0.jar;C:\Users\durga\.m2\repository\org\springframework\boot\spring-boot-test\3.3.0\spring-boot-test-3.3.0.jar;C:\Users\durga\.m2\repository\org\springframework\boot\spring-boot-test-autoconfigure\3.3.0\spring-boot-test-autoconfigure-3.3.0.jar;C:\Users\durga\.m2\repository\com\jayway\jsonpath\json-path\2.9.0\json-path-2.9.0.jar;C:\Users\durga\.m2\repository\jakarta\xml\bind\jakarta.xml.bind-api\4.0.2\jakarta.xml.bind-api-4.0.2.jar;C:\Users\durga\.m2\repository\jakarta\activation\jakarta.activation-api\2.1.3\jakarta.activation-api-2.1.3.jar;C:\Users\durga\.m2\repository\net\minidev\json-smart\2.5.1\json-smart-2.5.1.jar;C:\Users\durga\.m2\repository\net\minidev\accessors-smart\2.5.1\accessors-smart-2.5.1.jar;C:\Users\durga\.m2\repository\org\ow2\asm\asm\9.6\asm-9.6.jar;C:\Users\durga\.m2\repository\org\assertj\assertj-core\3.25.3\assertj-core-3.25.3.jar;C:\Users\durga\.m2\repository\net\bytebuddy\byte-buddy\1.14.16\byte-buddy-1.14.16.jar;C:\Users\durga\.m2\repository\org\awaitility\awaitility\4.2.1\awaitility-4.2.1.jar;C:\Users\durga\.m2\repository\org\hamcrest\hamcrest\2.2\hamcrest-2.2.jar;C:\Users\durga\.m2\repository\org\junit\jupiter\junit-jupiter\5.10.2\junit-jupiter-5.10.2.jar;C:\Users\durga\.m2\repository\org\junit\jupiter\junit-jupiter-api\5.10.2\junit-jupiter-api-5.10.2.jar;C:\Users\durga\.m2\repository\org\opentest4j\opentest4j\1.3.0\opentest4j-1.3.0.jar;C:\Users\durga\.m2\repository\org\junit\platform\junit-platform-commons\1.10.2\junit-platform-commons-1.10.2.jar;C:\Users\durga\.m2\repository\org\apiguardian\apiguardian-api\1.1.2\apiguardian-api-1.1.2.jar;C:\Users\durga\.m2\repository\org\junit\jupiter\junit-jupiter-params\5.10.2\junit-jupiter-params-5.10.2.jar;C:\Users\durga\.m2\repository\org\junit\jupiter\junit-jupiter-engine\5.10.2\junit-jupiter-engine-5.10.2.jar;C:\Users\durga\.m2\repository\org\junit\platform\junit-platform-engine\1.10.2\junit-platform-engine-1.10.2.jar;C:\Users\durga\.m2\repository\org\mockito\mockito-core\5.11.0\mockito-core-5.11.0.jar;C:\Users\durga\.m2\repository\net\bytebuddy\byte-buddy-agent\1.14.16\byte-buddy-agent-1.14.16.jar;C:\Users\durga\.m2\repository\org\objenesis\objenesis\3.3\objenesis-3.3.jar;C:\Users\durga\.m2\repository\org\mockito\mockito-junit-jupiter\5.11.0\mockito-junit-jupiter-5.11.0.jar;C:\Users\durga\.m2\repository\org\skyscreamer\jsonassert\1.5.1\jsonassert-1.5.1.jar;C:\Users\durga\.m2\repository\com\vaadin\external\google\android-json\0.0.20131108.vaadin1\android-json-0.0.20131108.vaadin1.jar;C:\Users\durga\.m2\repository\org\springframework\spring-core\6.1.8\spring-core-6.1.8.jar;C:\Users\durga\.m2\repository\org\springframework\spring-jcl\6.1.8\spring-jcl-6.1.8.jar;C:\Users\durga\.m2\repository\org\springframework\spring-test\6.1.8\spring-test-6.1.8.jar;C:\Users\durga\.m2\repository\org\xmlunit\xmlunit-core\2.9.1\xmlunit-core-2.9.1.jar;C:\Users\durga\.m2\repository\com\amazonaws\aws-java-sdk-s3\1.12.739\aws-java-sdk-s3-1.12.739.jar;C:\Users\durga\.m2\repository\com\amazonaws\aws-java-sdk-kms\1.12.739\aws-java-sdk-kms-1.12.739.jar;C:\Users\durga\.m2\repository\com\amazonaws\aws-java-sdk-core\1.12.739\aws-java-sdk-core-1.12.739.jar;C:\Users\durga\.m2\repository\commons-logging\commons-logging\1.1.3\commons-logging-1.1.3.jar;C:\Users\durga\.m2\repository\commons-codec\commons-codec\1.16.1\commons-codec-1.16.1.jar;C:\Users\durga\.m2\repository\org\apache\httpcomponents\httpclient\4.5.13\httpclient-4.5.13.jar;C:\Users\durga\.m2\repository\org\apache\httpcomponents\httpcore\4.4.16\httpcore-4.4.16.jar;C:\Users\durga\.m2\repository\com\fasterxml\jackson\dataformat\jackson-dataformat-cbor\2.17.1\jackson-dataformat-cbor-2.17.1.jar;C:\Users\durga\.m2\repository\joda-time\joda-time\2.12.7\joda-time-2.12.7.jar;C:\Users\durga\.m2\repository\com\amazonaws\jmespath-java\1.12.739\jmespath-java-1.12.739.jar;C:\Users\durga\.m2\repository\com\amazonaws\aws-java-sdk\1.11.163\aws-java-sdk-1.11.163.jar;C:\Users\durga\.m2\repository\com\amazonaws\aws-java-sdk-dax\1.11.163\aws-java-sdk-dax-1.11.163.jar;C:\Users\durga\.m2\repository\com\amazonaws\aws-java-sdk-greengrass\1.11.163\aws-java-sdk-greengrass-1.11.163.jar;C:\Users\durga\.m2\repository\com\amazonaws\aws-java-sdk-athena\1.11.163\aws-java-sdk-athena-1.11.163.jar;C:\Users\durga\.m2\repository\com\amazonaws\aws-java-sdk-marketplaceentitlement\1.11.163\aws-java-sdk-marketplaceentitlement-1.11.163.jar;C:\Users\durga\.m2\repository\com\amazonaws\aws-java-sdk-codestar\1.11.163\aws-java-sdk-codestar-1.11.163.jar;C:\Users\durga\.m2\repository\com\amazonaws\aws-java-sdk-lexmodelbuilding\1.11.163\aws-java-sdk-lexmodelbuilding-1.11.163.jar;C:\Users\durga\.m2\repository\com\amazonaws\aws-java-sdk-resourcegroupstaggingapi\1.11.163\aws-java-sdk-resourcegroupstaggingapi-1.11.163.jar;C:\Users\durga\.m2\repository\com\amazonaws\aws-java-sdk-pinpoint\1.11.163\aws-java-sdk-pinpoint-1.11.163.jar;C:\Users\durga\.m2\repository\com\amazonaws\aws-java-sdk-xray\1.11.163\aws-java-sdk-xray-1.11.163.jar;C:\Users\durga\.m2\repository\com\amazonaws\aws-java-sdk-opsworkscm\1.11.163\aws-java-sdk-opsworkscm-1.11.163.jar;C:\Users\durga\.m2\repository\com\amazonaws\aws-java-sdk-support\1.11.163\aws-java-sdk-support-1.11.163.jar;C:\Users\durga\.m2\repository\com\amazonaws\aws-java-sdk-simpledb\1.11.163\aws-java-sdk-simpledb-1.11.163.jar;C:\Users\durga\.m2\repository\com\amazonaws\aws-java-sdk-servicecatalog\1.11.163\aws-java-sdk-servicecatalog-1.11.163.jar;C:\Users\durga\.m2\repository\com\amazonaws\aws-java-sdk-servermigration\1.11.163\aws-java-sdk-servermigration-1.11.163.jar;C:\Users\durga\.m2\repository\com\amazonaws\aws-java-sdk-simpleworkflow\1.11.163\aws-java-sdk-simpleworkflow-1.11.163.jar;C:\Users\durga\.m2\repository\com\amazonaws\aws-java-sdk-storagegateway\1.11.163\aws-java-sdk-storagegateway-1.11.163.jar;C:\Users\durga\.m2\repository\com\amazonaws\aws-java-sdk-route53\1.11.163\aws-java-sdk-route53-1.11.163.jar;C:\Users\durga\.m2\repository\com\amazonaws\aws-java-sdk-importexport\1.11.163\aws-java-sdk-importexport-1.11.163.jar;C:\Users\durga\.m2\repository\com\amazonaws\aws-java-sdk-sts\1.11.163\aws-java-sdk-sts-1.11.163.jar;C:\Users\durga\.m2\repository\com\amazonaws\aws-java-sdk-sqs\1.11.163\aws-java-sdk-sqs-1.11.163.jar;C:\Users\durga\.m2\repository\com\amazonaws\aws-java-sdk-rds\1.11.163\aws-java-sdk-rds-1.11.163.jar;C:\Users\durga\.m2\repository\com\amazonaws\aws-java-sdk-redshift\1.11.163\aws-java-sdk-redshift-1.11.163.jar;C:\Users\durga\.m2\repository\com\amazonaws\aws-java-sdk-elasticbeanstalk\1.11.163\aws-java-sdk-elasticbeanstalk-1.11.163.jar;C:\Users\durga\.m2\repository\com\amazonaws\aws-java-sdk-glacier\1.11.163\aws-java-sdk-glacier-1.11.163.jar;C:\Users\durga\.m2\repository\com\amazonaws\aws-java-sdk-iam\1.11.163\aws-java-sdk-iam-1.11.163.jar;C:\Users\durga\.m2\repository\com\amazonaws\aws-java-sdk-datapipeline\1.11.163\aws-java-sdk-datapipeline-1.11.163.jar;C:\Users\durga\.m2\repository\com\amazonaws\aws-java-sdk-elasticloadbalancing\1.11.163\aws-java-sdk-elasticloadbalancing-1.11.163.jar;C:\Users\durga\.m2\repository\com\amazonaws\aws-java-sdk-elasticloadbalancingv2\1.11.163\aws-java-sdk-elasticloadbalancingv2-1.11.163.jar;C:\Users\durga\.m2\repository\com\amazonaws\aws-java-sdk-emr\1.11.163\aws-java-sdk-emr-1.11.163.jar;C:\Users\durga\.m2\repository\com\amazonaws\aws-java-sdk-elasticache\1.11.163\aws-java-sdk-elasticache-1.11.163.jar;C:\Users\durga\.m2\repository\com\amazonaws\aws-java-sdk-elastictranscoder\1.11.163\aws-java-sdk-elastictranscoder-1.11.163.jar;C:\Users\durga\.m2\repository\com\amazonaws\aws-java-sdk-ec2\1.11.163\aws-java-sdk-ec2-1.11.163.jar;C:\Users\durga\.m2\repository\com\amazonaws\aws-java-sdk-dynamodb\1.11.163\aws-java-sdk-dynamodb-1.11.163.jar;C:\Users\durga\.m2\repository\com\amazonaws\aws-java-sdk-sns\1.11.163\aws-java-sdk-sns-1.11.163.jar;C:\Users\durga\.m2\repository\com\amazonaws\aws-java-sdk-budgets\1.11.163\aws-java-sdk-budgets-1.11.163.jar;C:\Users\durga\.m2\repository\com\amazonaws\aws-java-sdk-cloudtrail\1.11.163\aws-java-sdk-cloudtrail-1.11.163.jar;C:\Users\durga\.m2\repository\com\amazonaws\aws-java-sdk-cloudwatch\1.11.163\aws-java-sdk-cloudwatch-1.11.163.jar;C:\Users\durga\.m2\repository\com\amazonaws\aws-java-sdk-logs\1.11.163\aws-java-sdk-logs-1.11.163.jar;C:\Users\durga\.m2\repository\com\amazonaws\aws-java-sdk-events\1.11.163\aws-java-sdk-events-1.11.163.jar;C:\Users\durga\.m2\repository\com\amazonaws\aws-java-sdk-cognitoidentity\1.11.163\aws-java-sdk-cognitoidentity-1.11.163.jar;C:\Users\durga\.m2\repository\com\amazonaws\aws-java-sdk-cognitosync\1.11.163\aws-java-sdk-cognitosync-1.11.163.jar;C:\Users\durga\.m2\repository\com\amazonaws\aws-java-sdk-directconnect\1.11.163\aws-java-sdk-directconnect-1.11.163.jar;C:\Users\durga\.m2\repository\com\amazonaws\aws-java-sdk-cloudformation\1.11.163\aws-java-sdk-cloudformation-1.11.163.jar;C:\Users\durga\.m2\repository\com\amazonaws\aws-java-sdk-cloudfront\1.11.163\aws-java-sdk-cloudfront-1.11.163.jar;C:\Users\durga\.m2\repository\com\amazonaws\aws-java-sdk-clouddirectory\1.11.163\aws-java-sdk-clouddirectory-1.11.163.jar;C:\Users\durga\.m2\repository\com\amazonaws\aws-java-sdk-kinesis\1.11.163\aws-java-sdk-kinesis-1.11.163.jar;C:\Users\durga\.m2\repository\com\amazonaws\aws-java-sdk-opsworks\1.11.163\aws-java-sdk-opsworks-1.11.163.jar;C:\Users\durga\.m2\repository\com\amazonaws\aws-java-sdk-ses\1.11.163\aws-java-sdk-ses-1.11.163.jar;C:\Users\durga\.m2\repository\com\amazonaws\aws-java-sdk-autoscaling\1.11.163\aws-java-sdk-autoscaling-1.11.163.jar;C:\Users\durga\.m2\repository\com\amazonaws\aws-java-sdk-cloudsearch\1.11.163\aws-java-sdk-cloudsearch-1.11.163.jar;C:\Users\durga\.m2\repository\com\amazonaws\aws-java-sdk-cloudwatchmetrics\1.11.163\aws-java-sdk-cloudwatchmetrics-1.11.163.jar;C:\Users\durga\.m2\repository\com\amazonaws\aws-java-sdk-codedeploy\1.11.163\aws-java-sdk-codedeploy-1.11.163.jar;C:\Users\durga\.m2\repository\com\amazonaws\aws-java-sdk-codepipeline\1.11.163\aws-java-sdk-codepipeline-1.11.163.jar;C:\Users\durga\.m2\repository\com\amazonaws\aws-java-sdk-config\1.11.163\aws-java-sdk-config-1.11.163.jar;C:\Users\durga\.m2\repository\com\amazonaws\aws-java-sdk-lambda\1.11.163\aws-java-sdk-lambda-1.11.163.jar;C:\Users\durga\.m2\repository\com\amazonaws\aws-java-sdk-ecs\1.11.163\aws-java-sdk-ecs-1.11.163.jar;C:\Users\durga\.m2\repository\com\amazonaws\aws-java-sdk-ecr\1.11.163\aws-java-sdk-ecr-1.11.163.jar;C:\Users\durga\.m2\repository\com\amazonaws\aws-java-sdk-cloudhsm\1.11.163\aws-java-sdk-cloudhsm-1.11.163.jar;C:\Users\durga\.m2\repository\com\amazonaws\aws-java-sdk-ssm\1.11.163\aws-java-sdk-ssm-1.11.163.jar;C:\Users\durga\.m2\repository\com\amazonaws\aws-java-sdk-workspaces\1.11.163\aws-java-sdk-workspaces-1.11.163.jar;C:\Users\durga\.m2\repository\com\amazonaws\aws-java-sdk-machinelearning\1.11.163\aws-java-sdk-machinelearning-1.11.163.jar;C:\Users\durga\.m2\repository\com\amazonaws\aws-java-sdk-directory\1.11.163\aws-java-sdk-directory-1.11.163.jar;C:\Users\durga\.m2\repository\com\amazonaws\aws-java-sdk-efs\1.11.163\aws-java-sdk-efs-1.11.163.jar;C:\Users\durga\.m2\repository\com\amazonaws\aws-java-sdk-codecommit\1.11.163\aws-java-sdk-codecommit-1.11.163.jar;C:\Users\durga\.m2\repository\com\amazonaws\aws-java-sdk-devicefarm\1.11.163\aws-java-sdk-devicefarm-1.11.163.jar;C:\Users\durga\.m2\repository\com\amazonaws\aws-java-sdk-elasticsearch\1.11.163\aws-java-sdk-elasticsearch-1.11.163.jar;C:\Users\durga\.m2\repository\com\amazonaws\aws-java-sdk-waf\1.11.163\aws-java-sdk-waf-1.11.163.jar;C:\Users\durga\.m2\repository\com\amazonaws\aws-java-sdk-marketplacecommerceanalytics\1.11.163\aws-java-sdk-marketplacecommerceanalytics-1.11.163.jar;C:\Users\durga\.m2\repository\com\amazonaws\aws-java-sdk-inspector\1.11.163\aws-java-sdk-inspector-1.11.163.jar;C:\Users\durga\.m2\repository\com\amazonaws\aws-java-sdk-iot\1.11.163\aws-java-sdk-iot-1.11.163.jar;C:\Users\durga\.m2\repository\com\amazonaws\aws-java-sdk-api-gateway\1.11.163\aws-java-sdk-api-gateway-1.11.163.jar;C:\Users\durga\.m2\repository\com\amazonaws\aws-java-sdk-acm\1.11.163\aws-java-sdk-acm-1.11.163.jar;C:\Users\durga\.m2\repository\com\amazonaws\aws-java-sdk-gamelift\1.11.163\aws-java-sdk-gamelift-1.11.163.jar;C:\Users\durga\.m2\repository\com\amazonaws\aws-java-sdk-dms\1.11.163\aws-java-sdk-dms-1.11.163.jar;C:\Users\durga\.m2\repository\com\amazonaws\aws-java-sdk-marketplacemeteringservice\1.11.163\aws-java-sdk-marketplacemeteringservice-1.11.163.jar;C:\Users\durga\.m2\repository\com\amazonaws\aws-java-sdk-cognitoidp\1.11.163\aws-java-sdk-cognitoidp-1.11.163.jar;C:\Users\durga\.m2\repository\com\amazonaws\aws-java-sdk-discovery\1.11.163\aws-java-sdk-discovery-1.11.163.jar;C:\Users\durga\.m2\repository\com\amazonaws\aws-java-sdk-applicationautoscaling\1.11.163\aws-java-sdk-applicationautoscaling-1.11.163.jar;C:\Users\durga\.m2\repository\com\amazonaws\aws-java-sdk-snowball\1.11.163\aws-java-sdk-snowball-1.11.163.jar;C:\Users\durga\.m2\repository\com\amazonaws\aws-java-sdk-rekognition\1.11.163\aws-java-sdk-rekognition-1.11.163.jar;C:\Users\durga\.m2\repository\com\amazonaws\aws-java-sdk-polly\1.11.163\aws-java-sdk-polly-1.11.163.jar;C:\Users\durga\.m2\repository\com\amazonaws\aws-java-sdk-lightsail\1.11.163\aws-java-sdk-lightsail-1.11.163.jar;C:\Users\durga\.m2\repository\com\amazonaws\aws-java-sdk-stepfunctions\1.11.163\aws-java-sdk-stepfunctions-1.11.163.jar;C:\Users\durga\.m2\repository\com\amazonaws\aws-java-sdk-health\1.11.163\aws-java-sdk-health-1.11.163.jar;C:\Users\durga\.m2\repository\com\amazonaws\aws-java-sdk-costandusagereport\1.11.163\aws-java-sdk-costandusagereport-1.11.163.jar;C:\Users\durga\.m2\repository\com\amazonaws\aws-java-sdk-codebuild\1.11.163\aws-java-sdk-codebuild-1.11.163.jar;C:\Users\durga\.m2\repository\com\amazonaws\aws-java-sdk-appstream\1.11.163\aws-java-sdk-appstream-1.11.163.jar;C:\Users\durga\.m2\repository\com\amazonaws\aws-java-sdk-shield\1.11.163\aws-java-sdk-shield-1.11.163.jar;C:\Users\durga\.m2\repository\com\amazonaws\aws-java-sdk-batch\1.11.163\aws-java-sdk-batch-1.11.163.jar;C:\Users\durga\.m2\repository\com\amazonaws\aws-java-sdk-lex\1.11.163\aws-java-sdk-lex-1.11.163.jar;C:\Users\durga\.m2\repository\com\amazonaws\aws-java-sdk-mechanicalturkrequester\1.11.163\aws-java-sdk-mechanicalturkrequester-1.11.163.jar;C:\Users\durga\.m2\repository\com\amazonaws\aws-java-sdk-organizations\1.11.163\aws-java-sdk-organizations-1.11.163.jar;C:\Users\durga\.m2\repository\com\amazonaws\aws-java-sdk-workdocs\1.11.163\aws-java-sdk-workdocs-1.11.163.jar;C:\Users\durga\.m2\repository\com\amazonaws\aws-java-sdk-models\1.11.163\aws-java-sdk-models-1.11.163.jar;C:\Users\durga\.m2\repository\com\amazonaws\aws-java-sdk-swf-libraries\1.11.22\aws-java-sdk-swf-libraries-1.11.22.jar;C:\Users\durga\.m2\repository\org\springframework\cloud\spring-cloud-starter-aws\2.2.6.RELEASE\spring-cloud-starter-aws-2.2.6.RELEASE.jar;C:\Users\durga\.m2\repository\org\springframework\cloud\spring-cloud-aws-context\2.2.6.RELEASE\spring-cloud-aws-context-2.2.6.RELEASE.jar;C:\Users\durga\.m2\repository\org\springframework\cloud\spring-cloud-aws-core\2.2.6.RELEASE\spring-cloud-aws-core-2.2.6.RELEASE.jar;C:\Users\durga\.m2\repository\org\springframework\cloud\spring-cloud-aws-autoconfigure\2.2.6.RELEASE\spring-cloud-aws-autoconfigure-2.2.6.RELEASE.jar;C:\Users\durga\.m2\repository\org\slf4j\slf4j-api\2.0.13\slf4j-api-2.0.13.jar;C:\Users\durga\.m2\repository\javax\activation\javax.activation-api\1.2.0\javax.activation-api-1.2.0.jar;C:\Users\durga\.m2\repository\io\awspring\cloud\spring-cloud-aws-context\2.3.0-RC2\spring-cloud-aws-context-2.3.0-RC2.jar;C:\Users\durga\.m2\repository\io\awspring\cloud\spring-cloud-aws-core\2.3.0-RC2\spring-cloud-aws-core-2.3.0-RC2.jar;C:\Users\durga\.m2\repository\org\springframework\spring-context\6.1.8\spring-context-6.1.8.jar;C:\Users\durga\.m2\repository\io\awspring\cloud\spring-cloud-aws-autoconfigure\2.3.0-RC2\spring-cloud-aws-autoconfigure-2.3.0-RC2.jar;C:\Users\durga\.m2\repository\org\springframework\boot\spring-boot-autoconfigure\3.3.0\spring-boot-autoconfigure-3.3.0.jar;"/>
    <property name="java.vm.vendor" value="Oracle Corporation"/>
    <property name="sun.arch.data.model" value="64"/>
    <property name="user.variant" value=""/>
    <property name="java.vendor.url" value="https://java.oracle.com/"/>
    <property name="user.timezone" value="America/Chicago"/>
    <property name="os.name" value="Windows 11"/>
    <property name="java.vm.specification.version" value="17"/>
    <property name="sun.java.launcher" value="SUN_STANDARD"/>
    <property name="user.country" value="US"/>
    <property name="sun.boot.library.path" value="C:\Program Files\Java\jdk-17.0.5\bin"/>
    <property name="sun.java.command" value="C:\Users\durga\AppData\Local\Temp\surefire10003323174989578738\surefirebooter-20240616194319403_3.jar C:\Users\durga\AppData\Local\Temp\surefire10003323174989578738 2024-06-16T19-43-19_193-jvmRun1 surefire-20240616194319403_1tmp surefire_0-20240616194319403_2tmp"/>
    <property name="jdk.debug" value="release"/>
    <property name="surefire.test.class.path" value="C:\Users\durga\Documents\Spring Boot Projects\youtube-clone\backend\target\test-classes;C:\Users\durga\Documents\Spring Boot Projects\youtube-clone\backend\target\classes;C:\Users\durga\.m2\repository\org\springframework\boot\spring-boot-starter-data-mongodb\3.3.0\spring-boot-starter-data-mongodb-3.3.0.jar;C:\Users\durga\.m2\repository\org\springframework\boot\spring-boot-starter\3.3.0\spring-boot-starter-3.3.0.jar;C:\Users\durga\.m2\repository\org\springframework\boot\spring-boot\3.3.0\spring-boot-3.3.0.jar;C:\Users\durga\.m2\repository\org\springframework\boot\spring-boot-starter-logging\3.3.0\spring-boot-starter-logging-3.3.0.jar;C:\Users\durga\.m2\repository\ch\qos\logback\logback-classic\1.5.6\logback-classic-1.5.6.jar;C:\Users\durga\.m2\repository\ch\qos\logback\logback-core\1.5.6\logback-core-1.5.6.jar;C:\Users\durga\.m2\repository\org\apache\logging\log4j\log4j-to-slf4j\2.23.1\log4j-to-slf4j-2.23.1.jar;C:\Users\durga\.m2\repository\org\apache\logging\log4j\log4j-api\2.23.1\log4j-api-2.23.1.jar;C:\Users\durga\.m2\repository\org\slf4j\jul-to-slf4j\2.0.13\jul-to-slf4j-2.0.13.jar;C:\Users\durga\.m2\repository\jakarta\annotation\jakarta.annotation-api\2.1.1\jakarta.annotation-api-2.1.1.jar;C:\Users\durga\.m2\repository\org\yaml\snakeyaml\2.2\snakeyaml-2.2.jar;C:\Users\durga\.m2\repository\org\mongodb\mongodb-driver-sync\5.0.1\mongodb-driver-sync-5.0.1.jar;C:\Users\durga\.m2\repository\org\mongodb\bson\5.0.1\bson-5.0.1.jar;C:\Users\durga\.m2\repository\org\mongodb\mongodb-driver-core\5.0.1\mongodb-driver-core-5.0.1.jar;C:\Users\durga\.m2\repository\org\mongodb\bson-record-codec\5.0.1\bson-record-codec-5.0.1.jar;C:\Users\durga\.m2\repository\org\springframework\data\spring-data-mongodb\4.3.0\spring-data-mongodb-4.3.0.jar;C:\Users\durga\.m2\repository\org\springframework\spring-tx\6.1.8\spring-tx-6.1.8.jar;C:\Users\durga\.m2\repository\org\springframework\spring-beans\6.1.8\spring-beans-6.1.8.jar;C:\Users\durga\.m2\repository\org\springframework\spring-expression\6.1.8\spring-expression-6.1.8.jar;C:\Users\durga\.m2\repository\org\springframework\data\spring-data-commons\3.3.0\spring-data-commons-3.3.0.jar;C:\Users\durga\.m2\repository\org\springframework\boot\spring-boot-starter-web\3.3.0\spring-boot-starter-web-3.3.0.jar;C:\Users\durga\.m2\repository\org\springframework\boot\spring-boot-starter-json\3.3.0\spring-boot-starter-json-3.3.0.jar;C:\Users\durga\.m2\repository\com\fasterxml\jackson\core\jackson-databind\2.17.1\jackson-databind-2.17.1.jar;C:\Users\durga\.m2\repository\com\fasterxml\jackson\core\jackson-annotations\2.17.1\jackson-annotations-2.17.1.jar;C:\Users\durga\.m2\repository\com\fasterxml\jackson\core\jackson-core\2.17.1\jackson-core-2.17.1.jar;C:\Users\durga\.m2\repository\com\fasterxml\jackson\datatype\jackson-datatype-jdk8\2.17.1\jackson-datatype-jdk8-2.17.1.jar;C:\Users\durga\.m2\repository\com\fasterxml\jackson\datatype\jackson-datatype-jsr310\2.17.1\jackson-datatype-jsr310-2.17.1.jar;C:\Users\durga\.m2\repository\com\fasterxml\jackson\module\jackson-module-parameter-names\2.17.1\jackson-module-parameter-names-2.17.1.jar;C:\Users\durga\.m2\repository\org\springframework\boot\spring-boot-starter-tomcat\3.3.0\spring-boot-starter-tomcat-3.3.0.jar;C:\Users\durga\.m2\repository\org\apache\tomcat\embed\tomcat-embed-core\10.1.24\tomcat-embed-core-10.1.24.jar;C:\Users\durga\.m2\repository\org\apache\tomcat\embed\tomcat-embed-el\10.1.24\tomcat-embed-el-10.1.24.jar;C:\Users\durga\.m2\repository\org\apache\tomcat\embed\tomcat-embed-websocket\10.1.24\tomcat-embed-websocket-10.1.24.jar;C:\Users\durga\.m2\repository\org\springframework\spring-web\6.1.8\spring-web-6.1.8.jar;C:\Users\durga\.m2\repository\io\micrometer\micrometer-observation\1.13.0\micrometer-observation-1.13.0.jar;C:\Users\durga\.m2\repository\io\micrometer\micrometer-commons\1.13.0\micrometer-commons-1.13.0.jar;C:\Users\durga\.m2\repository\org\springframework\spring-webmvc\6.1.8\spring-webmvc-6.1.8.jar;C:\Users\durga\.m2\repository\org\springframework\spring-aop\6.1.8\spring-aop-6.1.8.jar;C:\Users\durga\.m2\repository\org\projectlombok\lombok\1.18.32\lombok-1.18.32.jar;C:\Users\durga\.m2\repository\org\springframework\boot\spring-boot-starter-test\3.3.0\spring-boot-starter-test-3.3.0.jar;C:\Users\durga\.m2\repository\org\springframework\boot\spring-boot-test\3.3.0\spring-boot-test-3.3.0.jar;C:\Users\durga\.m2\repository\org\springframework\boot\spring-boot-test-autoconfigure\3.3.0\spring-boot-test-autoconfigure-3.3.0.jar;C:\Users\durga\.m2\repository\com\jayway\jsonpath\json-path\2.9.0\json-path-2.9.0.jar;C:\Users\durga\.m2\repository\jakarta\xml\bind\jakarta.xml.bind-api\4.0.2\jakarta.xml.bind-api-4.0.2.jar;C:\Users\durga\.m2\repository\jakarta\activation\jakarta.activation-api\2.1.3\jakarta.activation-api-2.1.3.jar;C:\Users\durga\.m2\repository\net\minidev\json-smart\2.5.1\json-smart-2.5.1.jar;C:\Users\durga\.m2\repository\net\minidev\accessors-smart\2.5.1\accessors-smart-2.5.1.jar;C:\Users\durga\.m2\repository\org\ow2\asm\asm\9.6\asm-9.6.jar;C:\Users\durga\.m2\repository\org\assertj\assertj-core\3.25.3\assertj-core-3.25.3.jar;C:\Users\durga\.m2\repository\net\bytebuddy\byte-buddy\1.14.16\byte-buddy-1.14.16.jar;C:\Users\durga\.m2\repository\org\awaitility\awaitility\4.2.1\awaitility-4.2.1.jar;C:\Users\durga\.m2\repository\org\hamcrest\hamcrest\2.2\hamcrest-2.2.jar;C:\Users\durga\.m2\repository\org\junit\jupiter\junit-jupiter\5.10.2\junit-jupiter-5.10.2.jar;C:\Users\durga\.m2\repository\org\junit\jupiter\junit-jupiter-api\5.10.2\junit-jupiter-api-5.10.2.jar;C:\Users\durga\.m2\repository\org\opentest4j\opentest4j\1.3.0\opentest4j-1.3.0.jar;C:\Users\durga\.m2\repository\org\junit\platform\junit-platform-commons\1.10.2\junit-platform-commons-1.10.2.jar;C:\Users\durga\.m2\repository\org\apiguardian\apiguardian-api\1.1.2\apiguardian-api-1.1.2.jar;C:\Users\durga\.m2\repository\org\junit\jupiter\junit-jupiter-params\5.10.2\junit-jupiter-params-5.10.2.jar;C:\Users\durga\.m2\repository\org\junit\jupiter\junit-jupiter-engine\5.10.2\junit-jupiter-engine-5.10.2.jar;C:\Users\durga\.m2\repository\org\junit\platform\junit-platform-engine\1.10.2\junit-platform-engine-1.10.2.jar;C:\Users\durga\.m2\repository\org\mockito\mockito-core\5.11.0\mockito-core-5.11.0.jar;C:\Users\durga\.m2\repository\net\bytebuddy\byte-buddy-agent\1.14.16\byte-buddy-agent-1.14.16.jar;C:\Users\durga\.m2\repository\org\objenesis\objenesis\3.3\objenesis-3.3.jar;C:\Users\durga\.m2\repository\org\mockito\mockito-junit-jupiter\5.11.0\mockito-junit-jupiter-5.11.0.jar;C:\Users\durga\.m2\repository\org\skyscreamer\jsonassert\1.5.1\jsonassert-1.5.1.jar;C:\Users\durga\.m2\repository\com\vaadin\external\google\android-json\0.0.20131108.vaadin1\android-json-0.0.20131108.vaadin1.jar;C:\Users\durga\.m2\repository\org\springframework\spring-core\6.1.8\spring-core-6.1.8.jar;C:\Users\durga\.m2\repository\org\springframework\spring-jcl\6.1.8\spring-jcl-6.1.8.jar;C:\Users\durga\.m2\repository\org\springframework\spring-test\6.1.8\spring-test-6.1.8.jar;C:\Users\durga\.m2\repository\org\xmlunit\xmlunit-core\2.9.1\xmlunit-core-2.9.1.jar;C:\Users\durga\.m2\repository\com\amazonaws\aws-java-sdk-s3\1.12.739\aws-java-sdk-s3-1.12.739.jar;C:\Users\durga\.m2\repository\com\amazonaws\aws-java-sdk-kms\1.12.739\aws-java-sdk-kms-1.12.739.jar;C:\Users\durga\.m2\repository\com\amazonaws\aws-java-sdk-core\1.12.739\aws-java-sdk-core-1.12.739.jar;C:\Users\durga\.m2\repository\commons-logging\commons-logging\1.1.3\commons-logging-1.1.3.jar;C:\Users\durga\.m2\repository\commons-codec\commons-codec\1.16.1\commons-codec-1.16.1.jar;C:\Users\durga\.m2\repository\org\apache\httpcomponents\httpclient\4.5.13\httpclient-4.5.13.jar;C:\Users\durga\.m2\repository\org\apache\httpcomponents\httpcore\4.4.16\httpcore-4.4.16.jar;C:\Users\durga\.m2\repository\com\fasterxml\jackson\dataformat\jackson-dataformat-cbor\2.17.1\jackson-dataformat-cbor-2.17.1.jar;C:\Users\durga\.m2\repository\joda-time\joda-time\2.12.7\joda-time-2.12.7.jar;C:\Users\durga\.m2\repository\com\amazonaws\jmespath-java\1.12.739\jmespath-java-1.12.739.jar;C:\Users\durga\.m2\repository\com\amazonaws\aws-java-sdk\1.11.163\aws-java-sdk-1.11.163.jar;C:\Users\durga\.m2\repository\com\amazonaws\aws-java-sdk-dax\1.11.163\aws-java-sdk-dax-1.11.163.jar;C:\Users\durga\.m2\repository\com\amazonaws\aws-java-sdk-greengrass\1.11.163\aws-java-sdk-greengrass-1.11.163.jar;C:\Users\durga\.m2\repository\com\amazonaws\aws-java-sdk-athena\1.11.163\aws-java-sdk-athena-1.11.163.jar;C:\Users\durga\.m2\repository\com\amazonaws\aws-java-sdk-marketplaceentitlement\1.11.163\aws-java-sdk-marketplaceentitlement-1.11.163.jar;C:\Users\durga\.m2\repository\com\amazonaws\aws-java-sdk-codestar\1.11.163\aws-java-sdk-codestar-1.11.163.jar;C:\Users\durga\.m2\repository\com\amazonaws\aws-java-sdk-lexmodelbuilding\1.11.163\aws-java-sdk-lexmodelbuilding-1.11.163.jar;C:\Users\durga\.m2\repository\com\amazonaws\aws-java-sdk-resourcegroupstaggingapi\1.11.163\aws-java-sdk-resourcegroupstaggingapi-1.11.163.jar;C:\Users\durga\.m2\repository\com\amazonaws\aws-java-sdk-pinpoint\1.11.163\aws-java-sdk-pinpoint-1.11.163.jar;C:\Users\durga\.m2\repository\com\amazonaws\aws-java-sdk-xray\1.11.163\aws-java-sdk-xray-1.11.163.jar;C:\Users\durga\.m2\repository\com\amazonaws\aws-java-sdk-opsworkscm\1.11.163\aws-java-sdk-opsworkscm-1.11.163.jar;C:\Users\durga\.m2\repository\com\amazonaws\aws-java-sdk-support\1.11.163\aws-java-sdk-support-1.11.163.jar;C:\Users\durga\.m2\repository\com\amazonaws\aws-java-sdk-simpledb\1.11.163\aws-java-sdk-simpledb-1.11.163.jar;C:\Users\durga\.m2\repository\com\amazonaws\aws-java-sdk-servicecatalog\1.11.163\aws-java-sdk-servicecatalog-1.11.163.jar;C:\Users\durga\.m2\repository\com\amazonaws\aws-java-sdk-servermigration\1.11.163\aws-java-sdk-servermigration-1.11.163.jar;C:\Users\durga\.m2\repository\com\amazonaws\aws-java-sdk-simpleworkflow\1.11.163\aws-java-sdk-simpleworkflow-1.11.163.jar;C:\Users\durga\.m2\repository\com\amazonaws\aws-java-sdk-storagegateway\1.11.163\aws-java-sdk-storagegateway-1.11.163.jar;C:\Users\durga\.m2\repository\com\amazonaws\aws-java-sdk-route53\1.11.163\aws-java-sdk-route53-1.11.163.jar;C:\Users\durga\.m2\repository\com\amazonaws\aws-java-sdk-importexport\1.11.163\aws-java-sdk-importexport-1.11.163.jar;C:\Users\durga\.m2\repository\com\amazonaws\aws-java-sdk-sts\1.11.163\aws-java-sdk-sts-1.11.163.jar;C:\Users\durga\.m2\repository\com\amazonaws\aws-java-sdk-sqs\1.11.163\aws-java-sdk-sqs-1.11.163.jar;C:\Users\durga\.m2\repository\com\amazonaws\aws-java-sdk-rds\1.11.163\aws-java-sdk-rds-1.11.163.jar;C:\Users\durga\.m2\repository\com\amazonaws\aws-java-sdk-redshift\1.11.163\aws-java-sdk-redshift-1.11.163.jar;C:\Users\durga\.m2\repository\com\amazonaws\aws-java-sdk-elasticbeanstalk\1.11.163\aws-java-sdk-elasticbeanstalk-1.11.163.jar;C:\Users\durga\.m2\repository\com\amazonaws\aws-java-sdk-glacier\1.11.163\aws-java-sdk-glacier-1.11.163.jar;C:\Users\durga\.m2\repository\com\amazonaws\aws-java-sdk-iam\1.11.163\aws-java-sdk-iam-1.11.163.jar;C:\Users\durga\.m2\repository\com\amazonaws\aws-java-sdk-datapipeline\1.11.163\aws-java-sdk-datapipeline-1.11.163.jar;C:\Users\durga\.m2\repository\com\amazonaws\aws-java-sdk-elasticloadbalancing\1.11.163\aws-java-sdk-elasticloadbalancing-1.11.163.jar;C:\Users\durga\.m2\repository\com\amazonaws\aws-java-sdk-elasticloadbalancingv2\1.11.163\aws-java-sdk-elasticloadbalancingv2-1.11.163.jar;C:\Users\durga\.m2\repository\com\amazonaws\aws-java-sdk-emr\1.11.163\aws-java-sdk-emr-1.11.163.jar;C:\Users\durga\.m2\repository\com\amazonaws\aws-java-sdk-elasticache\1.11.163\aws-java-sdk-elasticache-1.11.163.jar;C:\Users\durga\.m2\repository\com\amazonaws\aws-java-sdk-elastictranscoder\1.11.163\aws-java-sdk-elastictranscoder-1.11.163.jar;C:\Users\durga\.m2\repository\com\amazonaws\aws-java-sdk-ec2\1.11.163\aws-java-sdk-ec2-1.11.163.jar;C:\Users\durga\.m2\repository\com\amazonaws\aws-java-sdk-dynamodb\1.11.163\aws-java-sdk-dynamodb-1.11.163.jar;C:\Users\durga\.m2\repository\com\amazonaws\aws-java-sdk-sns\1.11.163\aws-java-sdk-sns-1.11.163.jar;C:\Users\durga\.m2\repository\com\amazonaws\aws-java-sdk-budgets\1.11.163\aws-java-sdk-budgets-1.11.163.jar;C:\Users\durga\.m2\repository\com\amazonaws\aws-java-sdk-cloudtrail\1.11.163\aws-java-sdk-cloudtrail-1.11.163.jar;C:\Users\durga\.m2\repository\com\amazonaws\aws-java-sdk-cloudwatch\1.11.163\aws-java-sdk-cloudwatch-1.11.163.jar;C:\Users\durga\.m2\repository\com\amazonaws\aws-java-sdk-logs\1.11.163\aws-java-sdk-logs-1.11.163.jar;C:\Users\durga\.m2\repository\com\amazonaws\aws-java-sdk-events\1.11.163\aws-java-sdk-events-1.11.163.jar;C:\Users\durga\.m2\repository\com\amazonaws\aws-java-sdk-cognitoidentity\1.11.163\aws-java-sdk-cognitoidentity-1.11.163.jar;C:\Users\durga\.m2\repository\com\amazonaws\aws-java-sdk-cognitosync\1.11.163\aws-java-sdk-cognitosync-1.11.163.jar;C:\Users\durga\.m2\repository\com\amazonaws\aws-java-sdk-directconnect\1.11.163\aws-java-sdk-directconnect-1.11.163.jar;C:\Users\durga\.m2\repository\com\amazonaws\aws-java-sdk-cloudformation\1.11.163\aws-java-sdk-cloudformation-1.11.163.jar;C:\Users\durga\.m2\repository\com\amazonaws\aws-java-sdk-cloudfront\1.11.163\aws-java-sdk-cloudfront-1.11.163.jar;C:\Users\durga\.m2\repository\com\amazonaws\aws-java-sdk-clouddirectory\1.11.163\aws-java-sdk-clouddirectory-1.11.163.jar;C:\Users\durga\.m2\repository\com\amazonaws\aws-java-sdk-kinesis\1.11.163\aws-java-sdk-kinesis-1.11.163.jar;C:\Users\durga\.m2\repository\com\amazonaws\aws-java-sdk-opsworks\1.11.163\aws-java-sdk-opsworks-1.11.163.jar;C:\Users\durga\.m2\repository\com\amazonaws\aws-java-sdk-ses\1.11.163\aws-java-sdk-ses-1.11.163.jar;C:\Users\durga\.m2\repository\com\amazonaws\aws-java-sdk-autoscaling\1.11.163\aws-java-sdk-autoscaling-1.11.163.jar;C:\Users\durga\.m2\repository\com\amazonaws\aws-java-sdk-cloudsearch\1.11.163\aws-java-sdk-cloudsearch-1.11.163.jar;C:\Users\durga\.m2\repository\com\amazonaws\aws-java-sdk-cloudwatchmetrics\1.11.163\aws-java-sdk-cloudwatchmetrics-1.11.163.jar;C:\Users\durga\.m2\repository\com\amazonaws\aws-java-sdk-codedeploy\1.11.163\aws-java-sdk-codedeploy-1.11.163.jar;C:\Users\durga\.m2\repository\com\amazonaws\aws-java-sdk-codepipeline\1.11.163\aws-java-sdk-codepipeline-1.11.163.jar;C:\Users\durga\.m2\repository\com\amazonaws\aws-java-sdk-config\1.11.163\aws-java-sdk-config-1.11.163.jar;C:\Users\durga\.m2\repository\com\amazonaws\aws-java-sdk-lambda\1.11.163\aws-java-sdk-lambda-1.11.163.jar;C:\Users\durga\.m2\repository\com\amazonaws\aws-java-sdk-ecs\1.11.163\aws-java-sdk-ecs-1.11.163.jar;C:\Users\durga\.m2\repository\com\amazonaws\aws-java-sdk-ecr\1.11.163\aws-java-sdk-ecr-1.11.163.jar;C:\Users\durga\.m2\repository\com\amazonaws\aws-java-sdk-cloudhsm\1.11.163\aws-java-sdk-cloudhsm-1.11.163.jar;C:\Users\durga\.m2\repository\com\amazonaws\aws-java-sdk-ssm\1.11.163\aws-java-sdk-ssm-1.11.163.jar;C:\Users\durga\.m2\repository\com\amazonaws\aws-java-sdk-workspaces\1.11.163\aws-java-sdk-workspaces-1.11.163.jar;C:\Users\durga\.m2\repository\com\amazonaws\aws-java-sdk-machinelearning\1.11.163\aws-java-sdk-machinelearning-1.11.163.jar;C:\Users\durga\.m2\repository\com\amazonaws\aws-java-sdk-directory\1.11.163\aws-java-sdk-directory-1.11.163.jar;C:\Users\durga\.m2\repository\com\amazonaws\aws-java-sdk-efs\1.11.163\aws-java-sdk-efs-1.11.163.jar;C:\Users\durga\.m2\repository\com\amazonaws\aws-java-sdk-codecommit\1.11.163\aws-java-sdk-codecommit-1.11.163.jar;C:\Users\durga\.m2\repository\com\amazonaws\aws-java-sdk-devicefarm\1.11.163\aws-java-sdk-devicefarm-1.11.163.jar;C:\Users\durga\.m2\repository\com\amazonaws\aws-java-sdk-elasticsearch\1.11.163\aws-java-sdk-elasticsearch-1.11.163.jar;C:\Users\durga\.m2\repository\com\amazonaws\aws-java-sdk-waf\1.11.163\aws-java-sdk-waf-1.11.163.jar;C:\Users\durga\.m2\repository\com\amazonaws\aws-java-sdk-marketplacecommerceanalytics\1.11.163\aws-java-sdk-marketplacecommerceanalytics-1.11.163.jar;C:\Users\durga\.m2\repository\com\amazonaws\aws-java-sdk-inspector\1.11.163\aws-java-sdk-inspector-1.11.163.jar;C:\Users\durga\.m2\repository\com\amazonaws\aws-java-sdk-iot\1.11.163\aws-java-sdk-iot-1.11.163.jar;C:\Users\durga\.m2\repository\com\amazonaws\aws-java-sdk-api-gateway\1.11.163\aws-java-sdk-api-gateway-1.11.163.jar;C:\Users\durga\.m2\repository\com\amazonaws\aws-java-sdk-acm\1.11.163\aws-java-sdk-acm-1.11.163.jar;C:\Users\durga\.m2\repository\com\amazonaws\aws-java-sdk-gamelift\1.11.163\aws-java-sdk-gamelift-1.11.163.jar;C:\Users\durga\.m2\repository\com\amazonaws\aws-java-sdk-dms\1.11.163\aws-java-sdk-dms-1.11.163.jar;C:\Users\durga\.m2\repository\com\amazonaws\aws-java-sdk-marketplacemeteringservice\1.11.163\aws-java-sdk-marketplacemeteringservice-1.11.163.jar;C:\Users\durga\.m2\repository\com\amazonaws\aws-java-sdk-cognitoidp\1.11.163\aws-java-sdk-cognitoidp-1.11.163.jar;C:\Users\durga\.m2\repository\com\amazonaws\aws-java-sdk-discovery\1.11.163\aws-java-sdk-discovery-1.11.163.jar;C:\Users\durga\.m2\repository\com\amazonaws\aws-java-sdk-applicationautoscaling\1.11.163\aws-java-sdk-applicationautoscaling-1.11.163.jar;C:\Users\durga\.m2\repository\com\amazonaws\aws-java-sdk-snowball\1.11.163\aws-java-sdk-snowball-1.11.163.jar;C:\Users\durga\.m2\repository\com\amazonaws\aws-java-sdk-rekognition\1.11.163\aws-java-sdk-rekognition-1.11.163.jar;C:\Users\durga\.m2\repository\com\amazonaws\aws-java-sdk-polly\1.11.163\aws-java-sdk-polly-1.11.163.jar;C:\Users\durga\.m2\repository\com\amazonaws\aws-java-sdk-lightsail\1.11.163\aws-java-sdk-lightsail-1.11.163.jar;C:\Users\durga\.m2\repository\com\amazonaws\aws-java-sdk-stepfunctions\1.11.163\aws-java-sdk-stepfunctions-1.11.163.jar;C:\Users\durga\.m2\repository\com\amazonaws\aws-java-sdk-health\1.11.163\aws-java-sdk-health-1.11.163.jar;C:\Users\durga\.m2\repository\com\amazonaws\aws-java-sdk-costandusagereport\1.11.163\aws-java-sdk-costandusagereport-1.11.163.jar;C:\Users\durga\.m2\repository\com\amazonaws\aws-java-sdk-codebuild\1.11.163\aws-java-sdk-codebuild-1.11.163.jar;C:\Users\durga\.m2\repository\com\amazonaws\aws-java-sdk-appstream\1.11.163\aws-java-sdk-appstream-1.11.163.jar;C:\Users\durga\.m2\repository\com\amazonaws\aws-java-sdk-shield\1.11.163\aws-java-sdk-shield-1.11.163.jar;C:\Users\durga\.m2\repository\com\amazonaws\aws-java-sdk-batch\1.11.163\aws-java-sdk-batch-1.11.163.jar;C:\Users\durga\.m2\repository\com\amazonaws\aws-java-sdk-lex\1.11.163\aws-java-sdk-lex-1.11.163.jar;C:\Users\durga\.m2\repository\com\amazonaws\aws-java-sdk-mechanicalturkrequester\1.11.163\aws-java-sdk-mechanicalturkrequester-1.11.163.jar;C:\Users\durga\.m2\repository\com\amazonaws\aws-java-sdk-organizations\1.11.163\aws-java-sdk-organizations-1.11.163.jar;C:\Users\durga\.m2\repository\com\amazonaws\aws-java-sdk-workdocs\1.11.163\aws-java-sdk-workdocs-1.11.163.jar;C:\Users\durga\.m2\repository\com\amazonaws\aws-java-sdk-models\1.11.163\aws-java-sdk-models-1.11.163.jar;C:\Users\durga\.m2\repository\com\amazonaws\aws-java-sdk-swf-libraries\1.11.22\aws-java-sdk-swf-libraries-1.11.22.jar;C:\Users\durga\.m2\repository\org\springframework\cloud\spring-cloud-starter-aws\2.2.6.RELEASE\spring-cloud-starter-aws-2.2.6.RELEASE.jar;C:\Users\durga\.m2\repository\org\springframework\cloud\spring-cloud-aws-context\2.2.6.RELEASE\spring-cloud-aws-context-2.2.6.RELEASE.jar;C:\Users\durga\.m2\repository\org\springframework\cloud\spring-cloud-aws-core\2.2.6.RELEASE\spring-cloud-aws-core-2.2.6.RELEASE.jar;C:\Users\durga\.m2\repository\org\springframework\cloud\spring-cloud-aws-autoconfigure\2.2.6.RELEASE\spring-cloud-aws-autoconfigure-2.2.6.RELEASE.jar;C:\Users\durga\.m2\repository\org\slf4j\slf4j-api\2.0.13\slf4j-api-2.0.13.jar;C:\Users\durga\.m2\repository\javax\activation\javax.activation-api\1.2.0\javax.activation-api-1.2.0.jar;C:\Users\durga\.m2\repository\io\awspring\cloud\spring-cloud-aws-context\2.3.0-RC2\spring-cloud-aws-context-2.3.0-RC2.jar;C:\Users\durga\.m2\repository\io\awspring\cloud\spring-cloud-aws-core\2.3.0-RC2\spring-cloud-aws-core-2.3.0-RC2.jar;C:\Users\durga\.m2\repository\org\springframework\spring-context\6.1.8\spring-context-6.1.8.jar;C:\Users\durga\.m2\repository\io\awspring\cloud\spring-cloud-aws-autoconfigure\2.3.0-RC2\spring-cloud-aws-autoconfigure-2.3.0-RC2.jar;C:\Users\durga\.m2\repository\org\springframework\boot\spring-boot-autoconfigure\3.3.0\spring-boot-autoconfigure-3.3.0.jar;"/>
    <property name="sun.cpu.endian" value="little"/>
    <property name="user.home" value="C:\Users\durga"/>
    <property name="user.language" value="en"/>
    <property name="java.specification.vendor" value="Oracle Corporation"/>
    <property name="java.version.date" value="2022-10-18"/>
    <property name="java.home" value="C:\Program Files\Java\jdk-17.0.5"/>
    <property name="file.separator" value="\"/>
    <property name="basedir" value="C:\Users\durga\Documents\Spring Boot Projects\youtube-clone\backend"/>
    <property name="java.vm.compressedOopsMode" value="Zero based"/>
    <property name="line.separator" value="&#10;"/>
    <property name="java.vm.specification.vendor" value="Oracle Corporation"/>
    <property name="java.specification.name" value="Java Platform API Specification"/>
    <property name="FILE_LOG_CHARSET" value="windows-1252"/>
    <property name="java.awt.headless" value="true"/>
    <property name="surefire.real.class.path" value="C:\Users\durga\AppData\Local\Temp\surefire10003323174989578738\surefirebooter-20240616194319403_3.jar"/>
    <property name="user.script" value=""/>
    <property name="sun.management.compiler" value="HotSpot 64-Bit Tiered Compilers"/>
    <property name="java.runtime.version" value="17.0.5+9-LTS-191"/>
    <property name="user.name" value="durga"/>
    <property name="path.separator" value=";"/>
    <property name="os.version" value="10.0"/>
    <property name="java.runtime.name" value="Java(TM) SE Runtime Environment"/>
    <property name="file.encoding" value="Cp1252"/>
    <property name="java.vm.name" value="Java HotSpot(TM) 64-Bit Server VM"/>
    <property name="localRepository" value="C:\Users\durga\.m2\repository"/>
    <property name="java.vendor.url.bug" value="https://bugreport.java.com/bugreport/"/>
    <property name="java.io.tmpdir" value="C:\Users\durga\AppData\Local\Temp\"/>
    <property name="idea.version" value="2024.1.2"/>
    <property name="java.version" value="17.0.5"/>
    <property name="user.dir" value="C:\Users\durga\Documents\Spring Boot Projects\youtube-clone\backend"/>
    <property name="os.arch" value="amd64"/>
    <property name="java.vm.specification.name" value="Java Virtual Machine Specification"/>
    <property name="PID" value="16032"/>
    <property name="sun.os.patch.level" value=""/>
    <property name="CONSOLE_LOG_CHARSET" value="windows-1252"/>
    <property name="native.encoding" value="Cp1252"/>
    <property name="java.library.path" value="C:\Program Files\Java\jdk-17.0.5\bin;C:\WINDOWS\Sun\Java\bin;C:\WINDOWS\system32;C:\WINDOWS;C:\Program Files\Common Files\Oracle\Java\javapath;C:\WINDOWS\system32;C:\WINDOWS;C:\WINDOWS\System32\Wbem;C:\WINDOWS\System32\WindowsPowerShell\v1.0\;C:\WINDOWS\System32\OpenSSH\;C:\Program Files\dotnet\;C:\php-8.2.5;C:\Program Files\Git\cmd;C:\Program Files\nodejs\;C:\Users\durga\AppData\Local\Microsoft\WindowsApps;C:\Program Files\Java\jdk-17.0.5\bin;C:\php-8.2.5;C:\Users\durga\AppData\Local\Programs\Microsoft VS Code\bin;C:\Program Files\nodejs;C:\Program Files\JetBrains\IntelliJ IDEA Community Edition 2024.1.1\bin;;C:\Program Files\PostgreSQL\16\bin;C:\Program Files\PostgreSQL\16\lib;C:\Users\durga\AppData\Roaming\npm;."/>
    <property name="java.vm.info" value="mixed mode, sharing"/>
    <property name="java.vendor" value="Oracle Corporation"/>
    <property name="java.vm.version" value="17.0.5+9-LTS-191"/>
    <property name="sun.io.unicode.encoding" value="UnicodeLittle"/>
    <property name="java.class.version" value="61.0"/>
    <property name="LOGGED_APPLICATION_NAME" value="[youtube-clone] "/>
  </properties>
  <testcase name="contextLoads" classname="com.dct.youtube_clone.YoutubeCloneApplicationTests" time="0.947">
    <system-out><![CDATA[19:43:20.612 [main] INFO org.springframework.test.context.support.AnnotationConfigContextLoaderUtils -- Could not detect default configuration classes for test class [com.dct.youtube_clone.YoutubeCloneApplicationTests]: YoutubeCloneApplicationTests does not declare any static, non-private, non-final, nested classes annotated with @Configuration.
19:43:20.767 [main] INFO org.springframework.boot.test.context.SpringBootTestContextBootstrapper -- Found @SpringBootConfiguration com.dct.youtube_clone.YoutubeCloneApplication for test class com.dct.youtube_clone.YoutubeCloneApplicationTests
  .   ____          _            __ _ _
 /\\ / ___'_ __ _ _(_)_ __  __ _ \ \ \ \
( ( )\___ | '_ | '_| | '_ \/ _` | \ \ \ \
 \\/  ___)| |_)| | | | | || (_| |  ) ) ) )
  '  |____| .__|_| |_|_| |_\__, | / / / /
 =========|_|==============|___/=/_/_/_/

 :: Spring Boot ::                (v3.3.0)

2024-06-16T19:43:21.453-05:00  INFO 16032 --- [youtube-clone] [           main] c.d.y.YoutubeCloneApplicationTests       : Starting YoutubeCloneApplicationTests using Java 17.0.5 with PID 16032 (started by durga in C:\Users\durga\Documents\Spring Boot Projects\youtube-clone\backend)
2024-06-16T19:43:21.454-05:00  INFO 16032 --- [youtube-clone] [           main] c.d.y.YoutubeCloneApplicationTests       : No active profile set, falling back to 1 default profile: "default"
2024-06-16T19:43:22.459-05:00  INFO 16032 --- [youtube-clone] [           main] .s.d.r.c.RepositoryConfigurationDelegate : Bootstrapping Spring Data MongoDB repositories in DEFAULT mode.
2024-06-16T19:43:22.538-05:00  INFO 16032 --- [youtube-clone] [           main] .s.d.r.c.RepositoryConfigurationDelegate : Finished Spring Data repository scanning in 71 ms. Found 2 MongoDB repository interfaces.
2024-06-16T19:43:23.408-05:00  INFO 16032 --- [youtube-clone] [           main] org.mongodb.driver.client                : MongoClient with metadata {"driver": {"name": "mongo-java-driver|sync|spring-boot", "version": "5.0.1"}, "os": {"type": "Windows", "name": "Windows 11", "architecture": "amd64", "version": "10.0"}, "platform": "Java/Oracle Corporation/17.0.5+9-LTS-191"} created with settings MongoClientSettings{readPreference=primary, writeConcern=WriteConcern{w=null, wTimeout=null ms, journal=null}, retryWrites=true, retryReads=true, readConcern=ReadConcern{level=null}, credential=null, transportSettings=null, commandListeners=[], codecRegistry=ProvidersCodecRegistry{codecProviders=[ValueCodecProvider{}, BsonValueCodecProvider{}, DBRefCodecProvider{}, DBObjectCodecProvider{}, DocumentCodecProvider{}, CollectionCodecProvider{}, IterableCodecProvider{}, MapCodecProvider{}, GeoJsonCodecProvider{}, GridFSFileCodecProvider{}, Jsr310CodecProvider{}, JsonObjectCodecProvider{}, BsonCodecProvider{}, EnumCodecProvider{}, com.mongodb.client.model.mql.ExpressionCodecProvider@36ab3814, com.mongodb.Jep395RecordCodecProvider@2abbd0d9, com.mongodb.KotlinCodecProvider@b61edb9]}, loggerSettings=LoggerSettings{maxDocumentLength=1000}, clusterSettings={hosts=[localhost:27017], srvServiceName=mongodb, mode=SINGLE, requiredClusterType=UNKNOWN, requiredReplicaSetName='null', serverSelector='null', clusterListeners='[]', serverSelectionTimeout='30000 ms', localThreshold='15 ms'}, socketSettings=SocketSettings{connectTimeoutMS=10000, readTimeoutMS=0, receiveBufferSize=0, proxySettings=ProxySettings{host=null, port=null, username=null, password=null}}, heartbeatSocketSettings=SocketSettings{connectTimeoutMS=10000, readTimeoutMS=10000, receiveBufferSize=0, proxySettings=ProxySettings{host=null, port=null, username=null, password=null}}, connectionPoolSettings=ConnectionPoolSettings{maxSize=100, minSize=0, maxWaitTimeMS=120000, maxConnectionLifeTimeMS=0, maxConnectionIdleTimeMS=0, maintenanceInitialDelayMS=0, maintenanceFrequencyMS=60000, connectionPoolListeners=[], maxConnecting=2}, serverSettings=ServerSettings{heartbeatFrequencyMS=10000, minHeartbeatFrequencyMS=500, serverListeners='[]', serverMonitorListeners='[]'}, sslSettings=SslSettings{enabled=false, invalidHostNameAllowed=false, context=null}, applicationName='null', compressorList=[], uuidRepresentation=JAVA_LEGACY, serverApi=null, autoEncryptionSettings=null, dnsClient=null, inetAddressResolver=null, contextProvider=null}
2024-06-16T19:43:23.475-05:00  INFO 16032 --- [youtube-clone] [localhost:27017] org.mongodb.driver.cluster               : Monitor thread successfully connected to server with description ServerDescription{address=localhost:27017, type=STANDALONE, state=CONNECTED, ok=true, minWireVersion=0, maxWireVersion=21, maxDocumentSize=16777216, logicalSessionTimeoutMinutes=30, roundTripTimeNanos=63228100}
2024-06-16T19:43:24.463-05:00  INFO 16032 --- [youtube-clone] [           main] c.d.y.YoutubeCloneApplicationTests       : Started YoutubeCloneApplicationTests in 3.429 seconds (process running for 4.888)
]]></system-out>
  </testcase>
</testsuite>